2022-08-19 18:03:22,209 [Worker-8: Loading available Gradle versions] INFO  o.e.b.c.i.u.g.PublishedGradleVersions - Gradle version information cache is not available. Remote download required.
2022-08-19 18:58:16,760 [Worker-26: Loading available Gradle versions] INFO  o.e.b.c.i.u.g.PublishedGradleVersions - Gradle version information cache is up-to-date. Trying to read.
2022-08-19 19:08:59,180 [Worker-6: Loading available Gradle versions] INFO  o.e.b.c.i.u.g.PublishedGradleVersions - Gradle version information cache is up-to-date. Trying to read.
2022-08-19 19:23:24,121 [Worker-14: Loading available Gradle versions] INFO  o.e.b.c.i.u.g.PublishedGradleVersions - Gradle version information cache is up-to-date. Trying to read.
2022-08-19 20:13:16,492 [Worker-25: Loading available Gradle versions] INFO  o.e.b.c.i.u.g.PublishedGradleVersions - Gradle version information cache is up-to-date. Trying to read.
2022-08-19 21:56:14,811 [main] INFO  org.eclipse.jetty.server.Server - jetty-10.0.9; built: 2022-03-30T16:46:32.527Z; git: a9eaf8d5d73369acf610ce88f850c0d56c4b1113; jvm 11.0.16+8-LTS
2022-08-19 21:56:14,832 [main] INFO  o.e.j.s.s.DefaultSessionIdManager - Session workerName=node0
2022-08-19 21:56:14,850 [main] INFO  o.e.j.server.handler.ContextHandler - Started o.e.j.s.ServletContextHandler@360b42f0{/wse,null,AVAILABLE}
2022-08-19 21:56:14,859 [main] INFO  o.e.jetty.server.AbstractConnector - Started ServerConnector@29c0404e{HTTP/1.1, (http/1.1)}{0.0.0.0:62974}
2022-08-19 21:56:14,869 [main] INFO  org.eclipse.jetty.server.Server - Started Server@65d7bfb0{STARTING}[10.0.9,sto=0] @6284269ms
2022-08-20 13:22:55,353 [Framework stop - Equinox Container: e6ead2e4-cdeb-4893-b7f7-249fd9899b74] INFO  org.eclipse.jetty.server.Server - Stopped Server@65d7bfb0{STOPPING}[10.0.9,sto=0]
2022-08-20 13:22:55,359 [Framework stop - Equinox Container: e6ead2e4-cdeb-4893-b7f7-249fd9899b74] INFO  o.e.jetty.server.AbstractConnector - Stopped ServerConnector@29c0404e{HTTP/1.1, (http/1.1)}{0.0.0.0:0}
2022-08-20 13:22:55,402 [Framework stop - Equinox Container: e6ead2e4-cdeb-4893-b7f7-249fd9899b74] INFO  o.e.j.server.handler.ContextHandler - Stopped o.e.j.s.ServletContextHandler@360b42f0{/wse,null,STOPPED}
2022-08-20 14:29:15,142 [Worker-29: Loading available Gradle versions] INFO  o.e.b.c.i.u.g.PublishedGradleVersions - Gradle version information cache is up-to-date. Trying to read.
2022-08-22 00:17:12,888 [Worker-22: Loading available Gradle versions] INFO  o.e.b.c.i.u.g.PublishedGradleVersions - Gradle version information cache is out-of-date. Trying to update.
2022-08-22 20:41:18,529 [Worker-8: Loading available Gradle versions] INFO  o.e.b.c.i.u.g.PublishedGradleVersions - Gradle version information cache is up-to-date. Trying to read.
2022-08-23 08:40:15,586 [Worker-32: Loading available Gradle versions] INFO  o.e.b.c.i.u.g.PublishedGradleVersions - Gradle version information cache is out-of-date. Trying to update.
2022-08-25 12:54:28,117 [Worker-29: Loading available Gradle versions] INFO  o.e.b.c.i.u.g.PublishedGradleVersions - Gradle version information cache is out-of-date. Trying to update.
2022-08-25 13:35:55,677 [Worker-8: Loading available Gradle versions] INFO  o.e.b.c.i.u.g.PublishedGradleVersions - Gradle version information cache is up-to-date. Trying to read.
2022-08-25 22:02:33,445 [Worker-9: Loading available Gradle versions] INFO  o.e.b.c.i.u.g.PublishedGradleVersions - Gradle version information cache is up-to-date. Trying to read.
